TN:
SF:src\modules\address\services\create-address-service.ts
FN:19,CreateAddressService
FN:23,execute
FNF:2
FNH:2
FNDA:3,CreateAddressService
FNDA:3,execute
DA:1,1
DA:2,1
DA:3,1
DA:4,1
DA:5,1
DA:6,1
DA:7,1
DA:8,1
DA:9,1
DA:10,1
DA:11,1
DA:12,1
DA:13,1
DA:14,1
DA:15,1
DA:16,1
DA:17,1
DA:18,1
DA:19,1
DA:20,3
DA:21,3
DA:22,1
DA:23,1
DA:24,3
DA:25,3
DA:26,3
DA:27,3
DA:28,3
DA:29,3
DA:30,3
DA:31,3
DA:32,3
DA:33,1
DA:34,1
DA:35,2
DA:36,3
DA:37,1
DA:38,1
DA:39,1
DA:40,1
DA:41,1
DA:42,1
DA:43,1
DA:44,1
DA:45,1
DA:46,1
DA:47,1
DA:48,1
DA:49,1
DA:50,1
DA:51,1
DA:52,1
LF:52
LH:52
BRDA:19,0,0,3
BRDA:23,1,0,3
BRDA:32,2,0,1
BRDA:35,3,0,2
BRDA:36,4,0,1
BRDA:36,5,0,1
BRF:6
BRH:6
end_of_record
TN:
SF:src\modules\address\services\delete-address-service.ts
FN:8,DeleteAddressService
FN:12,execute
FNF:2
FNH:2
FNDA:2,DeleteAddressService
FNDA:2,execute
DA:1,1
DA:2,1
DA:3,1
DA:4,1
DA:5,1
DA:6,1
DA:7,1
DA:8,1
DA:9,2
DA:10,2
DA:11,1
DA:12,1
DA:13,2
DA:14,2
DA:15,2
DA:16,1
DA:17,1
DA:18,1
DA:19,1
DA:20,1
LF:20
LH:20
BRDA:8,0,0,2
BRDA:12,1,0,2
BRDA:15,2,0,1
BRF:3
BRH:3
end_of_record
TN:
SF:src\modules\address\services\find-address-service.ts
FN:8,FindAddressService
FN:12,execute
FNF:2
FNH:2
FNDA:2,FindAddressService
FNDA:2,execute
DA:1,1
DA:2,1
DA:3,1
DA:4,1
DA:5,1
DA:6,1
DA:7,1
DA:8,1
DA:9,2
DA:10,2
DA:11,1
DA:12,1
DA:13,2
DA:14,1
DA:15,1
DA:16,1
LF:16
LH:16
BRDA:8,0,0,2
BRDA:12,1,0,2
BRDA:14,2,0,1
BRF:3
BRH:3
end_of_record
TN:
SF:src\modules\address\services\find-cep-addres-service.ts
FN:9,FindCepAddressService
FN:13,execute
FNF:2
FNH:2
FNDA:2,FindCepAddressService
FNDA:1,execute
DA:1,1
DA:2,1
DA:3,1
DA:4,1
DA:5,1
DA:6,1
DA:7,1
DA:8,1
DA:9,1
DA:10,2
DA:11,2
DA:12,1
DA:13,1
DA:14,1
DA:15,1
DA:16,1
DA:17,1
DA:18,1
DA:19,0
DA:20,0
DA:21,1
LF:21
LH:19
BRDA:9,0,0,2
BRDA:13,1,0,1
BRDA:19,2,0,0
BRF:3
BRH:2
end_of_record
TN:
SF:src\modules\address\services\update-address-service.ts
FN:20,UpdateAddressService
FN:24,execute
FNF:2
FNH:2
FNDA:2,UpdateAddressService
FNDA:2,execute
DA:1,1
DA:2,1
DA:3,1
DA:4,1
DA:5,1
DA:6,1
DA:7,1
DA:8,1
DA:9,1
DA:10,1
DA:11,1
DA:12,1
DA:13,1
DA:14,1
DA:15,1
DA:16,1
DA:17,1
DA:18,1
DA:19,1
DA:20,1
DA:21,2
DA:22,2
DA:23,1
DA:24,1
DA:25,2
DA:26,2
DA:27,2
DA:28,2
DA:29,2
DA:30,2
DA:31,2
DA:32,2
DA:33,2
DA:34,2
DA:35,2
DA:36,2
DA:37,1
DA:38,1
DA:39,1
DA:40,2
DA:41,0
DA:42,0
DA:43,1
DA:44,2
DA:45,1
DA:46,1
DA:47,0
DA:48,0
DA:49,0
DA:50,0
DA:51,1
LF:51
LH:45
BRDA:20,0,0,2
BRDA:24,1,0,2
BRDA:36,2,0,1
BRDA:40,3,0,0
BRDA:43,4,0,1
BRDA:44,5,0,0
BRDA:44,6,0,1
BRDA:47,7,0,0
BRF:8
BRH:5
end_of_record
TN:
SF:src\modules\users\services\auth-user-service.ts
FN:23,AuthUsersService
FN:28,execute
FNF:2
FNH:2
FNDA:3,AuthUsersService
FNDA:3,execute
DA:1,1
DA:2,1
DA:3,1
DA:4,1
DA:5,1
DA:6,1
DA:7,1
DA:8,1
DA:9,1
DA:10,1
DA:11,1
DA:12,1
DA:13,1
DA:14,1
DA:15,1
DA:16,1
DA:17,1
DA:18,1
DA:19,1
DA:20,1
DA:21,1
DA:22,1
DA:23,1
DA:24,3
DA:25,3
DA:26,3
DA:27,1
DA:28,1
DA:29,3
DA:30,3
DA:31,1
DA:32,1
DA:33,2
DA:34,2
DA:35,2
DA:36,2
DA:37,2
DA:38,2
DA:39,3
DA:40,1
DA:41,1
DA:42,1
DA:43,1
DA:44,1
DA:45,1
DA:46,1
DA:47,1
DA:48,1
DA:49,1
DA:50,1
DA:51,1
DA:52,1
DA:53,1
DA:54,1
LF:54
LH:54
BRDA:23,0,0,3
BRDA:28,1,0,3
BRDA:30,2,0,1
BRDA:33,3,0,2
BRDA:39,4,0,1
BRF:5
BRH:5
end_of_record
TN:
SF:src\modules\users\services\create-user-service.ts
FN:25,CreateUserService
FN:30,execute
FNF:2
FNH:2
FNDA:2,CreateUserService
FNDA:3,execute
DA:1,1
DA:2,1
DA:3,1
DA:4,1
DA:5,1
DA:6,1
DA:7,1
DA:8,1
DA:9,1
DA:10,1
DA:11,1
DA:12,1
DA:13,1
DA:14,1
DA:15,1
DA:16,1
DA:17,1
DA:18,1
DA:19,1
DA:20,1
DA:21,1
DA:22,1
DA:23,1
DA:24,1
DA:25,1
DA:26,2
DA:27,2
DA:28,2
DA:29,1
DA:30,1
DA:31,3
DA:32,3
DA:33,3
DA:34,3
DA:35,3
DA:36,3
DA:37,3
DA:38,3
DA:39,3
DA:40,3
DA:41,3
DA:42,1
DA:43,1
DA:44,2
DA:45,2
DA:46,2
DA:47,2
DA:48,2
DA:49,2
DA:50,2
DA:51,2
DA:52,2
DA:53,2
DA:54,2
DA:55,2
DA:56,2
DA:57,2
DA:58,2
DA:59,1
LF:59
LH:59
BRDA:25,0,0,2
BRDA:30,1,0,3
BRDA:41,2,0,1
BRDA:44,3,0,2
BRF:4
BRH:4
end_of_record
TN:
SF:src\modules\users\services\delete-user-service.ts
FN:8,DeleteUserService
FN:12,execute
FNF:2
FNH:2
FNDA:2,DeleteUserService
FNDA:2,execute
DA:1,1
DA:2,1
DA:3,1
DA:4,1
DA:5,1
DA:6,1
DA:7,1
DA:8,1
DA:9,2
DA:10,2
DA:11,1
DA:12,1
DA:13,2
DA:14,2
DA:15,2
DA:16,1
DA:17,1
DA:18,1
DA:19,1
DA:20,1
DA:21,1
LF:21
LH:21
BRDA:8,0,0,2
BRDA:12,1,0,2
BRDA:15,2,0,1
BRF:3
BRH:3
end_of_record
TN:
SF:src\modules\users\services\find-user-service.ts
FN:14,FindUsersService
FN:18,execute
FNF:2
FNH:2
FNDA:2,FindUsersService
FNDA:2,execute
DA:1,1
DA:2,1
DA:3,1
DA:4,1
DA:5,1
DA:6,1
DA:7,1
DA:8,1
DA:9,1
DA:10,1
DA:11,1
DA:12,1
DA:13,1
DA:14,1
DA:15,2
DA:16,2
DA:17,1
DA:18,1
DA:19,2
DA:20,2
DA:21,1
DA:22,1
DA:23,1
DA:24,1
DA:25,1
LF:25
LH:25
BRDA:14,0,0,2
BRDA:18,1,0,2
BRDA:20,2,0,1
BRF:3
BRH:3
end_of_record
TN:
SF:src\modules\users\services\find-users-service.ts
FN:9,FindUserService
FN:13,execute
FNF:2
FNH:2
FNDA:1,FindUserService
FNDA:1,execute
DA:1,1
DA:2,1
DA:3,1
DA:4,1
DA:5,1
DA:6,1
DA:7,1
DA:8,1
DA:9,1
DA:10,1
DA:11,1
DA:12,1
DA:13,1
DA:14,1
DA:15,1
DA:16,1
DA:17,1
LF:17
LH:17
BRDA:9,0,0,1
BRDA:13,1,0,1
BRF:2
BRH:2
end_of_record
TN:
SF:src\modules\users\services\update-user-service.ts
FN:27,UpdateUsersService
FN:32,execute
FNF:2
FNH:2
FNDA:5,UpdateUsersService
FNDA:5,execute
DA:1,1
DA:2,1
DA:3,1
DA:4,1
DA:5,1
DA:6,1
DA:7,1
DA:8,1
DA:9,1
DA:10,1
DA:11,1
DA:12,1
DA:13,1
DA:14,1
DA:15,1
DA:16,1
DA:17,1
DA:18,1
DA:19,1
DA:20,1
DA:21,1
DA:22,1
DA:23,1
DA:24,1
DA:25,1
DA:26,1
DA:27,1
DA:28,5
DA:29,5
DA:30,5
DA:31,1
DA:32,1
DA:33,5
DA:34,5
DA:35,5
DA:36,5
DA:37,5
DA:38,5
DA:39,5
DA:40,5
DA:41,5
DA:42,1
DA:43,1
DA:44,4
DA:45,4
DA:46,4
DA:47,5
DA:48,1
DA:49,1
DA:50,3
DA:51,5
DA:52,0
DA:53,0
DA:54,3
DA:55,5
DA:56,3
DA:57,3
DA:58,3
DA:59,3
DA:60,3
DA:61,3
DA:62,1
DA:63,1
DA:64,2
DA:65,2
DA:66,2
DA:67,2
DA:68,2
DA:69,2
DA:70,1
LF:70
LH:68
BRDA:27,0,0,5
BRDA:32,1,0,5
BRDA:41,2,0,1
BRDA:44,3,0,4
BRDA:47,4,0,2
BRDA:47,5,0,1
BRDA:50,6,0,3
BRDA:51,7,0,0
BRDA:54,8,0,3
BRDA:55,9,0,3
BRDA:61,10,0,1
BRDA:64,11,0,2
BRDA:67,12,0,2
BRF:13
BRH:12
end_of_record
