TN:
SF:src\modules\address\services\create-address-service.ts
FN:20,CreateAddressService
FN:25,execute
FNF:2
FNH:2
FNDA:3,CreateAddressService
FNDA:3,execute
DA:1,1
DA:2,1
DA:3,1
DA:4,1
DA:5,1
DA:6,1
DA:7,1
DA:8,1
DA:9,1
DA:10,1
DA:11,1
DA:12,1
DA:13,1
DA:14,1
DA:15,1
DA:16,1
DA:17,1
DA:18,1
DA:19,1
DA:20,1
DA:21,3
DA:22,3
DA:23,3
DA:24,1
DA:25,1
DA:26,3
DA:27,3
DA:28,3
DA:29,3
DA:30,3
DA:31,3
DA:32,3
DA:33,3
DA:34,3
DA:35,3
DA:36,1
DA:37,1
DA:38,2
DA:39,3
DA:40,1
DA:41,1
DA:42,1
DA:43,1
DA:44,1
DA:45,1
DA:46,1
DA:47,1
DA:48,1
DA:49,1
DA:50,1
DA:51,1
DA:52,1
DA:53,1
DA:54,1
DA:55,1
LF:55
LH:55
BRDA:20,0,0,3
BRDA:25,1,0,3
BRDA:35,2,0,1
BRDA:38,3,0,2
BRDA:39,4,0,1
BRDA:39,5,0,1
BRDA:39,6,0,1
BRF:7
BRH:7
end_of_record
TN:
SF:src\modules\address\services\delete-address-service.ts
FN:8,DeleteAddressService
FN:12,execute
FNF:2
FNH:2
FNDA:2,DeleteAddressService
FNDA:2,execute
DA:1,1
DA:2,1
DA:3,1
DA:4,1
DA:5,1
DA:6,1
DA:7,1
DA:8,1
DA:9,2
DA:10,2
DA:11,1
DA:12,1
DA:13,2
DA:14,2
DA:15,2
DA:16,1
DA:17,1
DA:18,1
DA:19,1
DA:20,1
LF:20
LH:20
BRDA:8,0,0,2
BRDA:12,1,0,2
BRDA:15,2,0,1
BRF:3
BRH:3
end_of_record
TN:
SF:src\modules\address\services\find-address-service.ts
FN:8,FindAddressService
FN:12,execute
FNF:2
FNH:2
FNDA:2,FindAddressService
FNDA:2,execute
DA:1,1
DA:2,1
DA:3,1
DA:4,1
DA:5,1
DA:6,1
DA:7,1
DA:8,1
DA:9,2
DA:10,2
DA:11,1
DA:12,1
DA:13,2
DA:14,1
DA:15,1
DA:16,1
LF:16
LH:16
BRDA:8,0,0,2
BRDA:12,1,0,2
BRDA:14,2,0,1
BRF:3
BRH:3
end_of_record
TN:
SF:src\modules\address\services\find-cep-address-service.ts
FN:9,FindCepAddressService
FN:13,execute
FNF:2
FNH:2
FNDA:2,FindCepAddressService
FNDA:1,execute
DA:1,1
DA:2,1
DA:3,1
DA:4,1
DA:5,1
DA:6,1
DA:7,1
DA:8,1
DA:9,1
DA:10,2
DA:11,2
DA:12,1
DA:13,1
DA:14,1
DA:15,1
DA:16,1
DA:17,1
DA:18,1
DA:19,0
DA:20,0
DA:21,1
LF:21
LH:19
BRDA:9,0,0,2
BRDA:13,1,0,1
BRDA:19,2,0,0
BRF:3
BRH:2
end_of_record
TN:
SF:src\modules\address\services\update-address-service.ts
FN:21,UpdateAddressService
FN:26,execute
FNF:2
FNH:2
FNDA:2,UpdateAddressService
FNDA:2,execute
DA:1,1
DA:2,1
DA:3,1
DA:4,1
DA:5,1
DA:6,1
DA:7,1
DA:8,1
DA:9,1
DA:10,1
DA:11,1
DA:12,1
DA:13,1
DA:14,1
DA:15,1
DA:16,1
DA:17,1
DA:18,1
DA:19,1
DA:20,1
DA:21,1
DA:22,2
DA:23,2
DA:24,2
DA:25,1
DA:26,1
DA:27,2
DA:28,2
DA:29,2
DA:30,2
DA:31,2
DA:32,2
DA:33,2
DA:34,2
DA:35,2
DA:36,2
DA:37,2
DA:38,2
DA:39,2
DA:40,1
DA:41,1
DA:42,1
DA:43,2
DA:44,0
DA:45,0
DA:46,1
DA:47,2
DA:48,1
DA:49,1
DA:50,0
DA:51,0
DA:52,0
DA:53,0
DA:54,0
DA:55,0
DA:56,0
DA:57,0
DA:58,0
DA:59,0
DA:60,0
DA:61,1
LF:61
LH:48
BRDA:21,0,0,2
BRDA:26,1,0,2
BRDA:39,2,0,1
BRDA:43,3,0,0
BRDA:46,4,0,1
BRDA:47,5,0,0
BRDA:47,6,0,1
BRDA:50,7,0,0
BRF:8
BRH:5
end_of_record
TN:
SF:src\modules\users\services\auth-user-service.ts
FN:23,AuthUsersService
FN:28,execute
FNF:2
FNH:2
FNDA:3,AuthUsersService
FNDA:3,execute
DA:1,1
DA:2,1
DA:3,1
DA:4,1
DA:5,1
DA:6,1
DA:7,1
DA:8,1
DA:9,1
DA:10,1
DA:11,1
DA:12,1
DA:13,1
DA:14,1
DA:15,1
DA:16,1
DA:17,1
DA:18,1
DA:19,1
DA:20,1
DA:21,1
DA:22,1
DA:23,1
DA:24,3
DA:25,3
DA:26,3
DA:27,1
DA:28,1
DA:29,3
DA:30,3
DA:31,1
DA:32,1
DA:33,2
DA:34,2
DA:35,2
DA:36,3
DA:37,0
DA:38,0
DA:39,2
DA:40,2
DA:41,2
DA:42,2
DA:43,2
DA:44,2
DA:45,3
DA:46,1
DA:47,1
DA:48,1
DA:49,1
DA:50,1
DA:51,1
DA:52,1
DA:53,1
DA:54,1
DA:55,1
DA:56,1
DA:57,1
DA:58,1
DA:59,1
DA:60,1
LF:60
LH:58
BRDA:23,0,0,3
BRDA:28,1,0,3
BRDA:30,2,0,1
BRDA:33,3,0,2
BRDA:36,4,0,0
BRDA:39,5,0,2
BRDA:45,6,0,1
BRF:7
BRH:6
end_of_record
TN:
SF:src\modules\users\services\create-user-service.ts
FN:25,CreateUserService
FN:30,execute
FNF:2
FNH:2
FNDA:2,CreateUserService
FNDA:3,execute
DA:1,1
DA:2,1
DA:3,1
DA:4,1
DA:5,1
DA:6,1
DA:7,1
DA:8,1
DA:9,1
DA:10,1
DA:11,1
DA:12,1
DA:13,1
DA:14,1
DA:15,1
DA:16,1
DA:17,1
DA:18,1
DA:19,1
DA:20,1
DA:21,1
DA:22,1
DA:23,1
DA:24,1
DA:25,1
DA:26,2
DA:27,2
DA:28,2
DA:29,1
DA:30,1
DA:31,3
DA:32,3
DA:33,3
DA:34,3
DA:35,3
DA:36,3
DA:37,3
DA:38,3
DA:39,3
DA:40,3
DA:41,3
DA:42,1
DA:43,1
DA:44,2
DA:45,2
DA:46,2
DA:47,3
DA:48,0
DA:49,0
DA:50,2
DA:51,2
DA:52,2
DA:53,2
DA:54,2
DA:55,2
DA:56,2
DA:57,2
DA:58,2
DA:59,2
DA:60,2
DA:61,2
DA:62,2
DA:63,2
DA:64,2
DA:65,1
LF:65
LH:63
BRDA:25,0,0,2
BRDA:30,1,0,3
BRDA:41,2,0,1
BRDA:44,3,0,2
BRDA:47,4,0,0
BRDA:50,5,0,2
BRF:6
BRH:5
end_of_record
TN:
SF:src\modules\users\services\delete-user-service.ts
FN:8,DeleteUserService
FN:12,execute
FNF:2
FNH:2
FNDA:2,DeleteUserService
FNDA:2,execute
DA:1,1
DA:2,1
DA:3,1
DA:4,1
DA:5,1
DA:6,1
DA:7,1
DA:8,1
DA:9,2
DA:10,2
DA:11,1
DA:12,1
DA:13,2
DA:14,2
DA:15,2
DA:16,1
DA:17,1
DA:18,1
DA:19,1
DA:20,1
DA:21,1
DA:22,1
DA:23,1
LF:23
LH:23
BRDA:8,0,0,2
BRDA:12,1,0,2
BRDA:15,2,0,1
BRF:3
BRH:3
end_of_record
TN:
SF:src\modules\users\services\find-user-service.ts
FN:14,FindUserService
FN:18,execute
FNF:2
FNH:2
FNDA:2,FindUserService
FNDA:2,execute
DA:1,1
DA:2,1
DA:3,1
DA:4,1
DA:5,1
DA:6,1
DA:7,1
DA:8,1
DA:9,1
DA:10,1
DA:11,1
DA:12,1
DA:13,1
DA:14,1
DA:15,2
DA:16,2
DA:17,1
DA:18,1
DA:19,2
DA:20,2
DA:21,1
DA:22,1
DA:23,1
DA:24,1
DA:25,1
LF:25
LH:25
BRDA:14,0,0,2
BRDA:18,1,0,2
BRDA:20,2,0,1
BRF:3
BRH:3
end_of_record
TN:
SF:src\modules\users\services\find-users-service.ts
FN:9,FindUsersService
FN:13,execute
FNF:2
FNH:2
FNDA:1,FindUsersService
FNDA:1,execute
DA:1,1
DA:2,1
DA:3,1
DA:4,1
DA:5,1
DA:6,1
DA:7,1
DA:8,1
DA:9,1
DA:10,1
DA:11,1
DA:12,1
DA:13,1
DA:14,1
DA:15,1
DA:16,1
DA:17,1
LF:17
LH:17
BRDA:9,0,0,1
BRDA:13,1,0,1
BRF:2
BRH:2
end_of_record
TN:
SF:src\modules\users\services\update-user-service.ts
FN:28,UpdateUsersService
FN:33,execute
FNF:2
FNH:2
FNDA:5,UpdateUsersService
FNDA:5,execute
DA:1,1
DA:2,1
DA:3,1
DA:4,1
DA:5,1
DA:6,1
DA:7,1
DA:8,1
DA:9,1
DA:10,1
DA:11,1
DA:12,1
DA:13,1
DA:14,1
DA:15,1
DA:16,1
DA:17,1
DA:18,1
DA:19,1
DA:20,1
DA:21,1
DA:22,1
DA:23,1
DA:24,1
DA:25,1
DA:26,1
DA:27,1
DA:28,1
DA:29,5
DA:30,5
DA:31,5
DA:32,1
DA:33,1
DA:34,5
DA:35,5
DA:36,5
DA:37,5
DA:38,5
DA:39,5
DA:40,5
DA:41,5
DA:42,5
DA:43,5
DA:44,5
DA:45,5
DA:46,1
DA:47,1
DA:48,4
DA:49,4
DA:50,4
DA:51,4
DA:52,4
DA:53,5
DA:54,0
DA:55,0
DA:56,4
DA:57,5
DA:58,1
DA:59,1
DA:60,3
DA:61,5
DA:62,0
DA:63,0
DA:64,3
DA:65,5
DA:66,3
DA:67,3
DA:68,3
DA:69,3
DA:70,3
DA:71,3
DA:72,1
DA:73,1
DA:74,2
DA:75,2
DA:76,2
DA:77,2
DA:78,2
DA:79,2
DA:80,2
DA:81,2
DA:82,2
DA:83,2
DA:84,2
DA:85,2
DA:86,1
LF:86
LH:82
BRDA:28,0,0,5
BRDA:33,1,0,5
BRDA:45,2,0,1
BRDA:48,3,0,4
BRDA:53,4,0,0
BRDA:56,5,0,4
BRDA:57,6,0,2
BRDA:57,7,0,1
BRDA:60,8,0,3
BRDA:61,9,0,0
BRDA:64,10,0,3
BRDA:65,11,0,3
BRDA:71,12,0,1
BRDA:74,13,0,2
BRDA:77,14,0,2
BRF:15
BRH:13
end_of_record
